2013/03/23 16:19:45 [error] [exception.CHttpException.404] exception 'CHttpException' with message '无法解析请求 "favicon.ico"。' in D:\webroot\teaPlaza.php\yii\framework\web\CWebApplication.php:280
Stack trace:
#0 D:\webroot\teaPlaza.php\yii\framework\web\CWebApplication.php(135): CWebApplication->runController('favicon.ico')
#1 D:\webroot\teaPlaza.php\yii\framework\base\CApplication.php(162): CWebApplication->processRequest()
#2 D:\webroot\teaPlaza.php\public\index.php(18): CApplication->run()
#3 {main}
REQUEST_URI=/favicon.ico
---
2013/03/23 16:19:51 [error] [exception.CHttpException.404] exception 'CHttpException' with message '无法解析请求 "favicon.ico"。' in D:\webroot\teaPlaza.php\yii\framework\web\CWebApplication.php:280
Stack trace:
#0 D:\webroot\teaPlaza.php\yii\framework\web\CWebApplication.php(135): CWebApplication->runController('favicon.ico')
#1 D:\webroot\teaPlaza.php\yii\framework\base\CApplication.php(162): CWebApplication->processRequest()
#2 D:\webroot\teaPlaza.php\public\index.php(18): CApplication->run()
#3 {main}
REQUEST_URI=/favicon.ico
---
2013/03/23 16:19:55 [error] [php] Undefined index: method (D:\webroot\teaPlaza.php\protected\modules\api\controllers\SiteController.php:14)
Stack trace:
#0 D:\webroot\teaPlaza.php\yii\framework\web\CController.php(287): SiteController->runAction()
#1 D:\webroot\teaPlaza.php\yii\framework\web\CController.php(266): SiteController->runActionWithFilters()
#2 D:\webroot\teaPlaza.php\yii\framework\web\CWebApplication.php(276): SiteController->run()
#3 D:\webroot\teaPlaza.php\yii\framework\web\CWebApplication.php(135): CWebApplication->runController()
#4 D:\webroot\teaPlaza.php\yii\framework\base\CApplication.php(162): CWebApplication->processRequest()
#5 D:\webroot\teaPlaza.php\public\index.php(18): CWebApplication->run()
REQUEST_URI=/api
in D:\webroot\teaPlaza.php\protected\modules\api\controllers\SiteController.php (14)
in D:\webroot\teaPlaza.php\public\index.php (18)
2013/03/23 16:19:55 [error] [exception.CHttpException.404] exception 'CHttpException' with message '无法解析请求 "favicon.ico"。' in D:\webroot\teaPlaza.php\yii\framework\web\CWebApplication.php:280
Stack trace:
#0 D:\webroot\teaPlaza.php\yii\framework\web\CWebApplication.php(135): CWebApplication->runController('favicon.ico')
#1 D:\webroot\teaPlaza.php\yii\framework\base\CApplication.php(162): CWebApplication->processRequest()
#2 D:\webroot\teaPlaza.php\public\index.php(18): CApplication->run()
#3 {main}
REQUEST_URI=/favicon.ico
---
2013/03/23 16:20:59 [error] [exception.CHttpException.404] exception 'CHttpException' with message '无法解析请求 "favicon.ico"。' in D:\webroot\teaPlaza.php\yii\framework\web\CWebApplication.php:280
Stack trace:
#0 D:\webroot\teaPlaza.php\yii\framework\web\CWebApplication.php(135): CWebApplication->runController('favicon.ico')
#1 D:\webroot\teaPlaza.php\yii\framework\base\CApplication.php(162): CWebApplication->processRequest()
#2 D:\webroot\teaPlaza.php\public\index.php(18): CApplication->run()
#3 {main}
REQUEST_URI=/favicon.ico
---
2013/03/23 16:30:20 [error] [exception.CHttpException.404] exception 'CHttpException' with message '无法解析请求 "favicon.ico"。' in D:\webroot\teaPlaza.php\yii\framework\web\CWebApplication.php:280
Stack trace:
#0 D:\webroot\teaPlaza.php\yii\framework\web\CWebApplication.php(135): CWebApplication->runController('favicon.ico')
#1 D:\webroot\teaPlaza.php\yii\framework\base\CApplication.php(162): CWebApplication->processRequest()
#2 D:\webroot\teaPlaza.php\public\index.php(18): CApplication->run()
#3 {main}
REQUEST_URI=/favicon.ico
---
2013/03/23 16:31:12 [error] [exception.CHttpException.404] exception 'CHttpException' with message '无法解析请求 "favicon.ico"。' in D:\webroot\teaPlaza.php\yii\framework\web\CWebApplication.php:280
Stack trace:
#0 D:\webroot\teaPlaza.php\yii\framework\web\CWebApplication.php(135): CWebApplication->runController('favicon.ico')
#1 D:\webroot\teaPlaza.php\yii\framework\base\CApplication.php(162): CWebApplication->processRequest()
#2 D:\webroot\teaPlaza.php\public\index.php(18): CApplication->run()
#3 {main}
REQUEST_URI=/favicon.ico
---
2013/03/23 16:31:13 [error] [exception.CHttpException.404] exception 'CHttpException' with message '无法解析请求 "favicon.ico"。' in D:\webroot\teaPlaza.php\yii\framework\web\CWebApplication.php:280
Stack trace:
#0 D:\webroot\teaPlaza.php\yii\framework\web\CWebApplication.php(135): CWebApplication->runController('favicon.ico')
#1 D:\webroot\teaPlaza.php\yii\framework\base\CApplication.php(162): CWebApplication->processRequest()
#2 D:\webroot\teaPlaza.php\public\index.php(18): CApplication->run()
#3 {main}
REQUEST_URI=/favicon.ico
---
2013/03/23 16:31:13 [error] [exception.CHttpException.404] exception 'CHttpException' with message '无法解析请求 "favicon.ico"。' in D:\webroot\teaPlaza.php\yii\framework\web\CWebApplication.php:280
Stack trace:
#0 D:\webroot\teaPlaza.php\yii\framework\web\CWebApplication.php(135): CWebApplication->runController('favicon.ico')
#1 D:\webroot\teaPlaza.php\yii\framework\base\CApplication.php(162): CWebApplication->processRequest()
#2 D:\webroot\teaPlaza.php\public\index.php(18): CApplication->run()
#3 {main}
REQUEST_URI=/favicon.ico
---
2013/03/23 16:31:14 [error] [exception.CHttpException.404] exception 'CHttpException' with message '无法解析请求 "favicon.ico"。' in D:\webroot\teaPlaza.php\yii\framework\web\CWebApplication.php:280
Stack trace:
#0 D:\webroot\teaPlaza.php\yii\framework\web\CWebApplication.php(135): CWebApplication->runController('favicon.ico')
#1 D:\webroot\teaPlaza.php\yii\framework\base\CApplication.php(162): CWebApplication->processRequest()
#2 D:\webroot\teaPlaza.php\public\index.php(18): CApplication->run()
#3 {main}
REQUEST_URI=/favicon.ico
---
2013/03/23 16:31:14 [error] [exception.CHttpException.404] exception 'CHttpException' with message '无法解析请求 "favicon.ico"。' in D:\webroot\teaPlaza.php\yii\framework\web\CWebApplication.php:280
Stack trace:
#0 D:\webroot\teaPlaza.php\yii\framework\web\CWebApplication.php(135): CWebApplication->runController('favicon.ico')
#1 D:\webroot\teaPlaza.php\yii\framework\base\CApplication.php(162): CWebApplication->processRequest()
#2 D:\webroot\teaPlaza.php\public\index.php(18): CApplication->run()
#3 {main}
REQUEST_URI=/favicon.ico
---
2013/03/23 16:31:14 [error] [exception.CHttpException.404] exception 'CHttpException' with message '无法解析请求 "favicon.ico"。' in D:\webroot\teaPlaza.php\yii\framework\web\CWebApplication.php:280
Stack trace:
#0 D:\webroot\teaPlaza.php\yii\framework\web\CWebApplication.php(135): CWebApplication->runController('favicon.ico')
#1 D:\webroot\teaPlaza.php\yii\framework\base\CApplication.php(162): CWebApplication->processRequest()
#2 D:\webroot\teaPlaza.php\public\index.php(18): CApplication->run()
#3 {main}
REQUEST_URI=/favicon.ico
---
2013/03/23 16:31:14 [error] [exception.CHttpException.404] exception 'CHttpException' with message '无法解析请求 "favicon.ico"。' in D:\webroot\teaPlaza.php\yii\framework\web\CWebApplication.php:280
Stack trace:
#0 D:\webroot\teaPlaza.php\yii\framework\web\CWebApplication.php(135): CWebApplication->runController('favicon.ico')
#1 D:\webroot\teaPlaza.php\yii\framework\base\CApplication.php(162): CWebApplication->processRequest()
#2 D:\webroot\teaPlaza.php\public\index.php(18): CApplication->run()
#3 {main}
REQUEST_URI=/favicon.ico
---
2013/03/23 16:31:31 [error] [exception.CHttpException.404] exception 'CHttpException' with message '无法解析请求 "favicon.ico"。' in D:\webroot\teaPlaza.php\yii\framework\web\CWebApplication.php:280
Stack trace:
#0 D:\webroot\teaPlaza.php\yii\framework\web\CWebApplication.php(135): CWebApplication->runController('favicon.ico')
#1 D:\webroot\teaPlaza.php\yii\framework\base\CApplication.php(162): CWebApplication->processRequest()
#2 D:\webroot\teaPlaza.php\public\index.php(18): CApplication->run()
#3 {main}
REQUEST_URI=/favicon.ico
---
2013/03/23 16:31:47 [error] [exception.CHttpException.404] exception 'CHttpException' with message '无法解析请求 "favicon.ico"。' in D:\webroot\teaPlaza.php\yii\framework\web\CWebApplication.php:280
Stack trace:
#0 D:\webroot\teaPlaza.php\yii\framework\web\CWebApplication.php(135): CWebApplication->runController('favicon.ico')
#1 D:\webroot\teaPlaza.php\yii\framework\base\CApplication.php(162): CWebApplication->processRequest()
#2 D:\webroot\teaPlaza.php\public\index.php(18): CApplication->run()
#3 {main}
REQUEST_URI=/favicon.ico
---
2013/03/23 16:31:50 [error] [exception.CHttpException.404] exception 'CHttpException' with message '无法解析请求 "favicon.ico"。' in D:\webroot\teaPlaza.php\yii\framework\web\CWebApplication.php:280
Stack trace:
#0 D:\webroot\teaPlaza.php\yii\framework\web\CWebApplication.php(135): CWebApplication->runController('favicon.ico')
#1 D:\webroot\teaPlaza.php\yii\framework\base\CApplication.php(162): CWebApplication->processRequest()
#2 D:\webroot\teaPlaza.php\public\index.php(18): CApplication->run()
#3 {main}
REQUEST_URI=/favicon.ico
---
2013/03/23 16:32:25 [error] [exception.CHttpException.404] exception 'CHttpException' with message '无法解析请求 "favicon.ico"。' in D:\webroot\teaPlaza.php\yii\framework\web\CWebApplication.php:280
Stack trace:
#0 D:\webroot\teaPlaza.php\yii\framework\web\CWebApplication.php(135): CWebApplication->runController('favicon.ico')
#1 D:\webroot\teaPlaza.php\yii\framework\base\CApplication.php(162): CWebApplication->processRequest()
#2 D:\webroot\teaPlaza.php\public\index.php(18): CApplication->run()
#3 {main}
REQUEST_URI=/favicon.ico
---
2013/03/23 16:33:48 [error] [exception.CHttpException.404] exception 'CHttpException' with message '无法解析请求 "favicon.ico"。' in D:\webroot\teaPlaza.php\yii\framework\web\CWebApplication.php:280
Stack trace:
#0 D:\webroot\teaPlaza.php\yii\framework\web\CWebApplication.php(135): CWebApplication->runController('favicon.ico')
#1 D:\webroot\teaPlaza.php\yii\framework\base\CApplication.php(162): CWebApplication->processRequest()
#2 D:\webroot\teaPlaza.php\public\index.php(18): CApplication->run()
#3 {main}
REQUEST_URI=/favicon.ico
---
2013/03/23 16:33:49 [error] [exception.CHttpException.404] exception 'CHttpException' with message '无法解析请求 "favicon.ico"。' in D:\webroot\teaPlaza.php\yii\framework\web\CWebApplication.php:280
Stack trace:
#0 D:\webroot\teaPlaza.php\yii\framework\web\CWebApplication.php(135): CWebApplication->runController('favicon.ico')
#1 D:\webroot\teaPlaza.php\yii\framework\base\CApplication.php(162): CWebApplication->processRequest()
#2 D:\webroot\teaPlaza.php\public\index.php(18): CApplication->run()
#3 {main}
REQUEST_URI=/favicon.ico
---
2013/03/23 16:33:49 [error] [exception.CHttpException.404] exception 'CHttpException' with message '无法解析请求 "favicon.ico"。' in D:\webroot\teaPlaza.php\yii\framework\web\CWebApplication.php:280
Stack trace:
#0 D:\webroot\teaPlaza.php\yii\framework\web\CWebApplication.php(135): CWebApplication->runController('favicon.ico')
#1 D:\webroot\teaPlaza.php\yii\framework\base\CApplication.php(162): CWebApplication->processRequest()
#2 D:\webroot\teaPlaza.php\public\index.php(18): CApplication->run()
#3 {main}
REQUEST_URI=/favicon.ico
---
2013/03/23 16:33:50 [error] [exception.CHttpException.404] exception 'CHttpException' with message '无法解析请求 "favicon.ico"。' in D:\webroot\teaPlaza.php\yii\framework\web\CWebApplication.php:280
Stack trace:
#0 D:\webroot\teaPlaza.php\yii\framework\web\CWebApplication.php(135): CWebApplication->runController('favicon.ico')
#1 D:\webroot\teaPlaza.php\yii\framework\base\CApplication.php(162): CWebApplication->processRequest()
#2 D:\webroot\teaPlaza.php\public\index.php(18): CApplication->run()
#3 {main}
REQUEST_URI=/favicon.ico
---
2013/03/23 16:33:50 [error] [exception.CHttpException.404] exception 'CHttpException' with message '无法解析请求 "favicon.ico"。' in D:\webroot\teaPlaza.php\yii\framework\web\CWebApplication.php:280
Stack trace:
#0 D:\webroot\teaPlaza.php\yii\framework\web\CWebApplication.php(135): CWebApplication->runController('favicon.ico')
#1 D:\webroot\teaPlaza.php\yii\framework\base\CApplication.php(162): CWebApplication->processRequest()
#2 D:\webroot\teaPlaza.php\public\index.php(18): CApplication->run()
#3 {main}
REQUEST_URI=/favicon.ico
---
2013/03/23 16:33:50 [error] [exception.CHttpException.404] exception 'CHttpException' with message '无法解析请求 "favicon.ico"。' in D:\webroot\teaPlaza.php\yii\framework\web\CWebApplication.php:280
Stack trace:
#0 D:\webroot\teaPlaza.php\yii\framework\web\CWebApplication.php(135): CWebApplication->runController('favicon.ico')
#1 D:\webroot\teaPlaza.php\yii\framework\base\CApplication.php(162): CWebApplication->processRequest()
#2 D:\webroot\teaPlaza.php\public\index.php(18): CApplication->run()
#3 {main}
REQUEST_URI=/favicon.ico
---
2013/03/23 16:33:50 [error] [exception.CHttpException.404] exception 'CHttpException' with message '无法解析请求 "favicon.ico"。' in D:\webroot\teaPlaza.php\yii\framework\web\CWebApplication.php:280
Stack trace:
#0 D:\webroot\teaPlaza.php\yii\framework\web\CWebApplication.php(135): CWebApplication->runController('favicon.ico')
#1 D:\webroot\teaPlaza.php\yii\framework\base\CApplication.php(162): CWebApplication->processRequest()
#2 D:\webroot\teaPlaza.php\public\index.php(18): CApplication->run()
#3 {main}
REQUEST_URI=/favicon.ico
---
2013/03/23 16:34:00 [error] [exception.CHttpException.404] exception 'CHttpException' with message '无法解析请求 "favicon.ico"。' in D:\webroot\teaPlaza.php\yii\framework\web\CWebApplication.php:280
Stack trace:
#0 D:\webroot\teaPlaza.php\yii\framework\web\CWebApplication.php(135): CWebApplication->runController('favicon.ico')
#1 D:\webroot\teaPlaza.php\yii\framework\base\CApplication.php(162): CWebApplication->processRequest()
#2 D:\webroot\teaPlaza.php\public\index.php(18): CApplication->run()
#3 {main}
REQUEST_URI=/favicon.ico
---
2013/03/23 16:35:53 [error] [exception.CHttpException.404] exception 'CHttpException' with message '无法解析请求 "favicon.ico"。' in D:\webroot\teaPlaza.php\yii\framework\web\CWebApplication.php:280
Stack trace:
#0 D:\webroot\teaPlaza.php\yii\framework\web\CWebApplication.php(135): CWebApplication->runController('favicon.ico')
#1 D:\webroot\teaPlaza.php\yii\framework\base\CApplication.php(162): CWebApplication->processRequest()
#2 D:\webroot\teaPlaza.php\public\index.php(18): CApplication->run()
#3 {main}
REQUEST_URI=/favicon.ico
---
2013/03/23 16:36:11 [error] [exception.CHttpException.404] exception 'CHttpException' with message '无法解析请求 "favicon.ico"。' in D:\webroot\teaPlaza.php\yii\framework\web\CWebApplication.php:280
Stack trace:
#0 D:\webroot\teaPlaza.php\yii\framework\web\CWebApplication.php(135): CWebApplication->runController('favicon.ico')
#1 D:\webroot\teaPlaza.php\yii\framework\base\CApplication.php(162): CWebApplication->processRequest()
#2 D:\webroot\teaPlaza.php\public\index.php(18): CApplication->run()
#3 {main}
REQUEST_URI=/favicon.ico
---
2013/03/23 16:36:20 [error] [exception.CHttpException.404] exception 'CHttpException' with message '无法解析请求 "favicon.ico"。' in D:\webroot\teaPlaza.php\yii\framework\web\CWebApplication.php:280
Stack trace:
#0 D:\webroot\teaPlaza.php\yii\framework\web\CWebApplication.php(135): CWebApplication->runController('favicon.ico')
#1 D:\webroot\teaPlaza.php\yii\framework\base\CApplication.php(162): CWebApplication->processRequest()
#2 D:\webroot\teaPlaza.php\public\index.php(18): CApplication->run()
#3 {main}
REQUEST_URI=/favicon.ico
---
2013/03/23 16:37:02 [error] [exception.CHttpException.404] exception 'CHttpException' with message '无法解析请求 "favicon.ico"。' in D:\webroot\teaPlaza.php\yii\framework\web\CWebApplication.php:280
Stack trace:
#0 D:\webroot\teaPlaza.php\yii\framework\web\CWebApplication.php(135): CWebApplication->runController('favicon.ico')
#1 D:\webroot\teaPlaza.php\yii\framework\base\CApplication.php(162): CWebApplication->processRequest()
#2 D:\webroot\teaPlaza.php\public\index.php(18): CApplication->run()
#3 {main}
REQUEST_URI=/favicon.ico
---
2013/03/23 16:37:08 [error] [exception.CHttpException.404] exception 'CHttpException' with message '无法解析请求 "favicon.ico"。' in D:\webroot\teaPlaza.php\yii\framework\web\CWebApplication.php:280
Stack trace:
#0 D:\webroot\teaPlaza.php\yii\framework\web\CWebApplication.php(135): CWebApplication->runController('favicon.ico')
#1 D:\webroot\teaPlaza.php\yii\framework\base\CApplication.php(162): CWebApplication->processRequest()
#2 D:\webroot\teaPlaza.php\public\index.php(18): CApplication->run()
#3 {main}
REQUEST_URI=/favicon.ico
---
